# JRE version: Java(TM) SE Runtime Environment (7.0_67-b01) (build 1.7.0_67-b01)
# Java VM: Java HotSpot(TM) Client VM (24.65-b04 mixed mode, sharing windows-x86 )
Heap
 def new generation   total 78656K, used 7603K [0x1b200000, 0x20750000, 0x20750000)
  eden space 69952K,   2% used [0x1b200000, 0x1b3b1d68, 0x1f650000)
  from space 8704K,  67% used [0x1fed0000, 0x2048b148, 0x20750000)
  to   space 8704K,   0% used [0x1f650000, 0x1f650000, 0x1fed0000)
 tenured generation   total 174784K, used 71938K [0x20750000, 0x2b200000, 0x2b200000)
   the space 174784K,  41% used [0x20750000, 0x24d90ba8, 0x24d90c00, 0x2b200000)
 compacting perm gen  total 78592K, used 78475K [0x2b200000, 0x2fec0000, 0x3b200000)
   the space 78592K,  99% used [0x2b200000, 0x2fea2ec8, 0x2fea3000, 0x2fec0000)
    ro space 10240K,  44% used [0x3b200000, 0x3b67a688, 0x3b67a800, 0x3bc00000)
    rw space 12288K,  52% used [0x3bc00000, 0x3c254170, 0x3c254200, 0x3c800000)
GC Heap History (10 events):
Event: 19364.374 GC heap before
{Heap before GC invocations=382 (full 11):
 def new generation   total 78656K, used 74143K [0x1b200000, 0x20750000, 0x20750000)
  eden space 69952K, 100% used [0x1b200000, 0x1f650000, 0x1f650000)
  from space 8704K,  48% used [0x1f650000, 0x1fa67dd8, 0x1fed0000)
  to   space 8704K,   0% used [0x1fed0000, 0x1fed0000, 0x20750000)
 tenured generation   total 174784K, used 68116K [0x20750000, 0x2b200000, 0x2b200000)
   the space 174784K,  38% used [0x20750000, 0x249d52a8, 0x249d5400, 0x2b200000)
 compacting perm gen  total 78592K, used 78475K [0x2b200000, 0x2fec0000, 0x3b200000)
   the space 78592K,  99% used [0x2b200000, 0x2fea2e78, 0x2fea3000, 0x2fec0000)
    ro space 10240K,  44% used [0x3b200000, 0x3b67a688, 0x3b67a800, 0x3bc00000)
    rw space 12288K,  52% used [0x3bc00000, 0x3c254170, 0x3c254200, 0x3c800000)
Event: 19364.683 GC heap after
Heap after GC invocations=383 (full 11):
 def new generation   total 78656K, used 4050K [0x1b200000, 0x20750000, 0x20750000)
  eden space 69952K,   0% used [0x1b200000, 0x1b200000, 0x1f650000)
  from space 8704K,  46% used [0x1fed0000, 0x202c4930, 0x20750000)
  to   space 8704K,   0% used [0x1f650000, 0x1f650000, 0x1fed0000)
 tenured generation   total 174784K, used 68116K [0x20750000, 0x2b200000, 0x2b200000)
   the space 174784K,  38% used [0x20750000, 0x249d52a8, 0x249d5400, 0x2b200000)
 compacting perm gen  total 78592K, used 78475K [0x2b200000, 0x2fec0000, 0x3b200000)
   the space 78592K,  99% used [0x2b200000, 0x2fea2e78, 0x2fea3000, 0x2fec0000)
    ro space 10240K,  44% used [0x3b200000, 0x3b67a688, 0x3b67a800, 0x3bc00000)
    rw space 12288K,  52% used [0x3bc00000, 0x3c254170, 0x3c254200, 0x3c800000)
}
Event: 19366.621 GC heap before
{Heap before GC invocations=383 (full 11):
 def new generation   total 78656K, used 74002K [0x1b200000, 0x20750000, 0x20750000)
  eden space 69952K, 100% used [0x1b200000, 0x1f650000, 0x1f650000)
  from space 8704K,  46% used [0x1fed0000, 0x202c4930, 0x20750000)
  to   space 8704K,   0% used [0x1f650000, 0x1f650000, 0x1fed0000)
 tenured generation   total 174784K, used 68116K [0x20750000, 0x2b200000, 0x2b200000)
   the space 174784K,  38% used [0x20750000, 0x249d52a8, 0x249d5400, 0x2b200000)
 compacting perm gen  total 78592K, used 78475K [0x2b200000, 0x2fec0000, 0x3b200000)
   the space 78592K,  99% used [0x2b200000, 0x2fea2e78, 0x2fea3000, 0x2fec0000)
    ro space 10240K,  44% used [0x3b200000, 0x3b67a688, 0x3b67a800, 0x3bc00000)
    rw space 12288K,  52% used [0x3bc00000, 0x3c254170, 0x3c254200, 0x3c800000)
Event: 19366.790 GC heap after
Heap after GC invocations=384 (full 11):
 def new generation   total 78656K, used 5971K [0x1b200000, 0x20750000, 0x20750000)
  eden space 69952K,   0% used [0x1b200000, 0x1b200000, 0x1f650000)
  from space 8704K,  68% used [0x1f650000, 0x1fc24e48, 0x1fed0000)
  to   space 8704K,   0% used [0x1fed0000, 0x1fed0000, 0x20750000)
 tenured generation   total 174784K, used 68116K [0x20750000, 0x2b200000, 0x2b200000)
   the space 174784K,  38% used [0x20750000, 0x249d52a8, 0x249d5400, 0x2b200000)
 compacting perm gen  total 78592K, used 78475K [0x2b200000, 0x2fec0000, 0x3b200000)
   the space 78592K,  99% used [0x2b200000, 0x2fea2e78, 0x2fea3000, 0x2fec0000)
    ro space 10240K,  44% used [0x3b200000, 0x3b67a688, 0x3b67a800, 0x3bc00000)
    rw space 12288K,  52% used [0x3bc00000, 0x3c254170, 0x3c254200, 0x3c800000)
}
Event: 19368.076 GC heap before
{Heap before GC invocations=384 (full 11):
 def new generation   total 78656K, used 75923K [0x1b200000, 0x20750000, 0x20750000)
  eden space 69952K, 100% used [0x1b200000, 0x1f650000, 0x1f650000)
  from space 8704K,  68% used [0x1f650000, 0x1fc24e48, 0x1fed0000)
  to   space 8704K,   0% used [0x1fed0000, 0x1fed0000, 0x20750000)
 tenured generation   total 174784K, used 68116K [0x20750000, 0x2b200000, 0x2b200000)
   the space 174784K,  38% used [0x20750000, 0x249d52a8, 0x249d5400, 0x2b200000)
 compacting perm gen  total 78592K, used 78475K [0x2b200000, 0x2fec0000, 0x3b200000)
   the space 78592K,  99% used [0x2b200000, 0x2fea2e78, 0x2fea3000, 0x2fec0000)
    ro space 10240K,  44% used [0x3b200000, 0x3b67a688, 0x3b67a800, 0x3bc00000)
    rw space 12288K,  52% used [0x3bc00000, 0x3c254170, 0x3c254200, 0x3c800000)
Event: 19368.231 GC heap after
Heap after GC invocations=385 (full 11):
 def new generation   total 78656K, used 4371K [0x1b200000, 0x20750000, 0x20750000)
  eden space 69952K,   0% used [0x1b200000, 0x1b200000, 0x1f650000)
  from space 8704K,  50% used [0x1fed0000, 0x20314f58, 0x20750000)
  to   space 8704K,   0% used [0x1f650000, 0x1f650000, 0x1fed0000)
 tenured generation   total 174784K, used 70871K [0x20750000, 0x2b200000, 0x2b200000)
   the space 174784K,  40% used [0x20750000, 0x24c85eb0, 0x24c86000, 0x2b200000)
 compacting perm gen  total 78592K, used 78475K [0x2b200000, 0x2fec0000, 0x3b200000)
   the space 78592K,  99% used [0x2b200000, 0x2fea2e78, 0x2fea3000, 0x2fec0000)
    ro space 10240K,  44% used [0x3b200000, 0x3b67a688, 0x3b67a800, 0x3bc00000)
    rw space 12288K,  52% used [0x3bc00000, 0x3c254170, 0x3c254200, 0x3c800000)
}
Event: 19369.459 GC heap before
{Heap before GC invocations=385 (full 11):
 def new generation   total 78656K, used 74323K [0x1b200000, 0x20750000, 0x20750000)
  eden space 69952K, 100% used [0x1b200000, 0x1f650000, 0x1f650000)
  from space 8704K,  50% used [0x1fed0000, 0x20314f58, 0x20750000)
  to   space 8704K,   0% used [0x1f650000, 0x1f650000, 0x1fed0000)
 tenured generation   total 174784K, used 70871K [0x20750000, 0x2b200000, 0x2b200000)
   the space 174784K,  40% used [0x20750000, 0x24c85eb0, 0x24c86000, 0x2b200000)
 compacting perm gen  total 78592K, used 78475K [0x2b200000, 0x2fec0000, 0x3b200000)
   the space 78592K,  99% used [0x2b200000, 0x2fea2e78, 0x2fea3000, 0x2fec0000)
    ro space 10240K,  44% used [0x3b200000, 0x3b67a688, 0x3b67a800, 0x3bc00000)
    rw space 12288K,  52% used [0x3bc00000, 0x3c254170, 0x3c254200, 0x3c800000)
Event: 19369.464 GC heap after
Heap after GC invocations=386 (full 11):
 def new generation   total 78656K, used 4299K [0x1b200000, 0x20750000, 0x20750000)
  eden space 69952K,   0% used [0x1b200000, 0x1b200000, 0x1f650000)
  from space 8704K,  49% used [0x1f650000, 0x1fa82cb0, 0x1fed0000)
  to   space 8704K,   0% used [0x1fed0000, 0x1fed0000, 0x20750000)
 tenured generation   total 174784K, used 71938K [0x20750000, 0x2b200000, 0x2b200000)
   the space 174784K,  41% used [0x20750000, 0x24d90ba8, 0x24d90c00, 0x2b200000)
 compacting perm gen  total 78592K, used 78475K [0x2b200000, 0x2fec0000, 0x3b200000)
   the space 78592K,  99% used [0x2b200000, 0x2fea2e78, 0x2fea3000, 0x2fec0000)
    ro space 10240K,  44% used [0x3b200000, 0x3b67a688, 0x3b67a800, 0x3bc00000)
    rw space 12288K,  52% used [0x3bc00000, 0x3c254170, 0x3c254200, 0x3c800000)
}
Event: 19373.470 GC heap before
{Heap before GC invocations=386 (full 11):
 def new generation   total 78656K, used 74251K [0x1b200000, 0x20750000, 0x20750000)
  eden space 69952K, 100% used [0x1b200000, 0x1f650000, 0x1f650000)
  from space 8704K,  49% used [0x1f650000, 0x1fa82cb0, 0x1fed0000)
  to   space 8704K,   0% used [0x1fed0000, 0x1fed0000, 0x20750000)
 tenured generation   total 174784K, used 71938K [0x20750000, 0x2b200000, 0x2b200000)
   the space 174784K,  41% used [0x20750000, 0x24d90ba8, 0x24d90c00, 0x2b200000)
 compacting perm gen  total 78592K, used 78475K [0x2b200000, 0x2fec0000, 0x3b200000)
   the space 78592K,  99% used [0x2b200000, 0x2fea2ea8, 0x2fea3000, 0x2fec0000)
    ro space 10240K,  44% used [0x3b200000, 0x3b67a688, 0x3b67a800, 0x3bc00000)
    rw space 12288K,  52% used [0x3bc00000, 0x3c254170, 0x3c254200, 0x3c800000)
Event: 19373.707 GC heap after
Heap after GC invocations=387 (full 11):
 def new generation   total 78656K, used 5868K [0x1b200000, 0x20750000, 0x20750000)
  eden space 69952K,   0% used [0x1b200000, 0x1b200000, 0x1f650000)
  from space 8704K,  67% used [0x1fed0000, 0x2048b148, 0x20750000)
  to   space 8704K,   0% used [0x1f650000, 0x1f650000, 0x1fed0000)
 tenured generation   total 174784K, used 71938K [0x20750000, 0x2b200000, 0x2b200000)
   the space 174784K,  41% used [0x20750000, 0x24d90ba8, 0x24d90c00, 0x2b200000)
 compacting perm gen  total 78592K, used 78475K [0x2b200000, 0x2fec0000, 0x3b200000)
   the space 78592K,  99% used [0x2b200000, 0x2fea2ea8, 0x2fea3000, 0x2fec0000)
    ro space 10240K,  44% used [0x3b200000, 0x3b67a688, 0x3b67a800, 0x3bc00000)
    rw space 12288K,  52% used [0x3bc00000, 0x3c254170, 0x3c254200, 0x3c800000)
}

